2024-03-17 17:15:00.266 INFO  - 
----------------------------------------------------------------------------------------------------

										TEST RUN
								DATA: 2024-17-03, 17:15

----------------------------------------------------------------------------------------------------
2024-03-17 17:15:00.268 INFO  - 
----------------------------------------------------------------------------------------------------
2024-03-17 17:15:00.268 INFO  - Playwright created.
2024-03-17 17:15:00.268 INFO  - Browser chromium is connected.
2024-03-17 17:15:00.287 INFO  - 
----------------------------------------------------------------------------------------------------
2024-03-17 17:15:00.287 INFO  - Run: NavigationTest.TestBaseUrlLanding

2024-03-17 17:15:00.300 INFO  - Context created.
2024-03-17 17:15:00.437 INFO  - Page created.
2024-03-17 17:15:02.287 INFO  - Base URL is opened and content is not empty.
2024-03-17 17:15:03.004 INFO  - Page closed.
2024-03-17 17:15:03.025 INFO  - Context closed.
2024-03-17 17:15:03.025 INFO  - 
----------------------------------------------------------------------------------------------------
2024-03-17 17:15:03.030 INFO  - 
----------------------------------------------------------------------------------------------------
2024-03-17 17:15:03.031 INFO  - Run: NavigationTest.testAboutNavigatesToContactUsPage

2024-03-17 17:15:03.039 INFO  - Context created.
2024-03-17 17:15:03.135 INFO  - Page created.
2024-03-17 17:15:04.798 INFO  - Base URL is opened and content is not empty.
2024-03-17 17:15:05.522 INFO  - Page closed.
2024-03-17 17:15:05.545 INFO  - Context closed.
2024-03-17 17:15:05.545 INFO  - 
----------------------------------------------------------------------------------------------------
2024-03-17 17:15:05.547 INFO  - 
----------------------------------------------------------------------------------------------------
2024-03-17 17:15:05.547 INFO  - Run: NavigationTest.testAboutNavigatesToSellWithUsPage

2024-03-17 17:15:05.558 INFO  - Context created.
2024-03-17 17:15:05.661 INFO  - Page created.
2024-03-17 17:15:07.495 INFO  - Base URL is opened and content is not empty.
2024-03-17 17:15:08.154 INFO  - Page closed.
2024-03-17 17:15:08.166 INFO  - Context closed.
2024-03-17 17:15:08.166 INFO  - 
----------------------------------------------------------------------------------------------------
2024-03-17 17:15:08.169 INFO  - 
----------------------------------------------------------------------------------------------------
2024-03-17 17:15:08.169 INFO  - Run: NavigationTest.testAboutNavigatesToShippingPage

2024-03-17 17:15:08.177 INFO  - Context created.
2024-03-17 17:15:08.274 INFO  - Page created.
2024-03-17 17:15:09.862 INFO  - Base URL is opened and content is not empty.
2024-03-17 17:15:10.571 INFO  - Page closed.
2024-03-17 17:15:10.587 INFO  - Context closed.
2024-03-17 17:15:10.588 INFO  - 
----------------------------------------------------------------------------------------------------
2024-03-17 17:15:10.590 INFO  - 
----------------------------------------------------------------------------------------------------
2024-03-17 17:15:10.591 INFO  - Run: NavigationTest.testWomenNavigatesToHikingPage

2024-03-17 17:15:10.601 INFO  - Context created.
2024-03-17 17:15:10.675 INFO  - Page created.
2024-03-17 17:15:12.442 INFO  - Base URL is opened and content is not empty.
2024-03-17 17:15:13.336 INFO  - Page closed.
2024-03-17 17:15:13.350 INFO  - Context closed.
2024-03-17 17:15:13.351 INFO  - 
----------------------------------------------------------------------------------------------------
2024-03-17 17:15:13.353 INFO  - 
----------------------------------------------------------------------------------------------------
2024-03-17 17:15:13.353 INFO  - Run: NavigationTest.testWomenNavigatesToKidsPage

2024-03-17 17:15:13.358 INFO  - Context created.
2024-03-17 17:15:13.443 INFO  - Page created.
2024-03-17 17:15:15.344 INFO  - Base URL is opened and content is not empty.
2024-03-17 17:15:16.067 INFO  - Page closed.
2024-03-17 17:15:16.081 INFO  - Context closed.
2024-03-17 17:15:16.082 INFO  - 
----------------------------------------------------------------------------------------------------
2024-03-17 17:15:16.086 INFO  - 
----------------------------------------------------------------------------------------------------
2024-03-17 17:15:16.086 INFO  - Run: NavigationTest.testWomenNavigatesToMenPage

2024-03-17 17:15:16.092 INFO  - Context created.
2024-03-17 17:15:16.175 INFO  - Page created.
2024-03-17 17:15:17.784 INFO  - Base URL is opened and content is not empty.
2024-03-17 17:15:18.676 INFO  - Page closed.
2024-03-17 17:15:18.691 INFO  - Context closed.
2024-03-17 17:15:18.691 INFO  - 
----------------------------------------------------------------------------------------------------
2024-03-17 17:15:18.698 INFO  - 
----------------------------------------------------------------------------------------------------
2024-03-17 17:15:18.699 INFO  - Run: NavigationTest.testWomenNavigatesToRunnersPage

2024-03-17 17:15:18.705 INFO  - Context created.
2024-03-17 17:15:18.793 INFO  - Page created.
2024-03-17 17:15:20.373 INFO  - Base URL is opened and content is not empty.
2024-03-17 17:15:21.269 INFO  - Page closed.
2024-03-17 17:15:21.281 INFO  - Context closed.
2024-03-17 17:15:21.281 INFO  - 
----------------------------------------------------------------------------------------------------
2024-03-17 17:15:21.288 INFO  - 
----------------------------------------------------------------------------------------------------
2024-03-17 17:15:21.288 INFO  - Run: NavigationTest.testWomenNavigatesToWomenPage

2024-03-17 17:15:21.293 INFO  - Context created.
2024-03-17 17:15:21.396 INFO  - Page created.
2024-03-17 17:15:22.929 INFO  - Base URL is opened and content is not empty.
2024-03-17 17:15:23.825 INFO  - Page closed.
2024-03-17 17:15:23.839 INFO  - Context closed.
2024-03-17 17:15:23.840 INFO  - 
----------------------------------------------------------------------------------------------------
2024-03-17 17:15:23.984 INFO  - Browser closed.
2024-03-17 17:15:23.995 INFO  - Playwright closed.
2024-03-17 17:15:23.995 INFO  - 
----------------------------------------------------------------------------------------------------
